Arguments: 
  /Users/nathanphennel/.nvm/versions/node/v7.9.0/bin/node /usr/local/bin/yarn add liteserver

PATH: 
  /Users/nathanphennel/.nvm/versions/node/v7.9.0/bin:/Users/nathanphennel/.node_modules_global/bin:/usr/local/mysql/bin:/usr/local/bin:/usr/local/bin:/usr/bin:/bin:/usr/sbin:/sbin:/opt/X11/bin:/usr/local/git/bin:/usr/local/bin:/Users/nathanphennel/.npm-packages/lib/

Yarn version: 
  1.5.1

Node version: 
  7.9.0

Platform: 
  darwin x64

npm manifest: 
  {
    "name": "nightcompose",
    "version": "1.0.0",
    "description": "A Web Audio API/HTML5 canvas theremin played by nightwatchjs.",
    "main": "index.html",
    "repository": "git@github.com:enphnt/nightcompose.git",
    "author": "Nathan Phennel <nathanphennel@gmail.com>",
    "license": "?",
    "private": false
  }

yarn manifest: 
  No manifest

Lockfile: 
  # THIS IS AN AUTOGENERATED FILE. DO NOT EDIT THIS FILE DIRECTLY.
  # yarn lockfile v1

Trace: 
  Error: Found incompatible module
      at new MessageError (/Users/nathanphennel/.config/yarn/global/node_modules/yarn/lib/cli.js:186:110)
      at checkOne (/Users/nathanphennel/.config/yarn/global/node_modules/yarn/lib/cli.js:62444:11)
      at Object.check (/Users/nathanphennel/.config/yarn/global/node_modules/yarn/lib/cli.js:62463:5)
      at /Users/nathanphennel/.config/yarn/global/node_modules/yarn/lib/cli.js:22803:73
      at Generator.next (<anonymous>)
      at step (/Users/nathanphennel/.config/yarn/global/node_modules/yarn/lib/cli.js:98:30)
      at /Users/nathanphennel/.config/yarn/global/node_modules/yarn/lib/cli.js:109:13
